  Camera.cpp
  d3dApp.cpp
  d3dUtil.cpp
  DDSTextureLoader.cpp
  GameTimer.cpp
  GeometryGenerator.cpp
  MathHelper.cpp
  AirCraft.cpp
H:\GAME3015\GAME3015_A2_Shah_Milman\GAME3015-Assignment1\GAME3015-Assignment1\AirCraft.h(3,10): warning C4067: unexpected tokens following preprocessor directive - expected a newline
  Command.cpp
  CommandQue.cpp
H:\GAME3015\GAME3015_A2_Shah_Milman\GAME3015-Assignment1\GAME3015-Assignment1\CommandQue.h(2,10): warning C4067: unexpected tokens following preprocessor directive - expected a newline
  Entity.cpp
  FrameResource.cpp
  Game.cpp
H:\GAME3015\GAME3015_A2_Shah_Milman\GAME3015-Assignment1\GAME3015-Assignment1\AirCraft.h(3,10): warning C4067: unexpected tokens following preprocessor directive - expected a newline
H:\GAME3015\GAME3015_A2_Shah_Milman\GAME3015-Assignment1\GAME3015-Assignment1\Game.cpp(165,24): warning C4305: 'argument': truncation from 'double' to 'float'
H:\GAME3015\GAME3015_A2_Shah_Milman\GAME3015-Assignment1\GAME3015-Assignment1\Game.cpp(566,70): warning C4305: 'argument': truncation from 'double' to 'float'
C:\Program Files (x86)\Microsoft Visual Studio\2019\Community\VC\Tools\MSVC\14.28.29333\include\memory(2833,56): warning C4244: 'argument': conversion from '_Ty' to 'float', possible loss of data
          with
          [
              _Ty=double
          ]
H:\GAME3015\GAME3015_A2_Shah_Milman\GAME3015-Assignment1\GAME3015-Assignment1\Game.cpp(167): message : see reference to function template instantiation 'std::unique_ptr<Waves,std::default_delete<Waves>> std::make_unique<Waves,int,int,double,float,double,float,0>(int &&,int &&,double &&,float &&,double &&,float &&)' being compiled
  Player.cpp
  SceneNode.cpp
  Waves.cpp
  Generating Code...
  World.cpp
H:\GAME3015\GAME3015_A2_Shah_Milman\GAME3015-Assignment1\GAME3015-Assignment1\AirCraft.h(3,10): warning C4067: unexpected tokens following preprocessor directive - expected a newline
H:\GAME3015\GAME3015_A2_Shah_Milman\GAME3015-Assignment1\GAME3015-Assignment1\World.cpp(196,53): warning C4267: '=': conversion from 'size_t' to 'int', possible loss of data
H:\GAME3015\GAME3015_A2_Shah_Milman\GAME3015-Assignment1\GAME3015-Assignment1\World.cpp(219,54): warning C4267: '=': conversion from 'size_t' to 'int', possible loss of data
H:\GAME3015\GAME3015_A2_Shah_Milman\GAME3015-Assignment1\GAME3015-Assignment1\World.cpp(242,48): warning C4267: '=': conversion from 'size_t' to 'int', possible loss of data
H:\GAME3015\GAME3015_A2_Shah_Milman\GAME3015-Assignment1\GAME3015-Assignment1\World.cpp(264,49): warning C4267: '=': conversion from 'size_t' to 'int', possible loss of data
H:\GAME3015\GAME3015_A2_Shah_Milman\GAME3015-Assignment1\GAME3015-Assignment1\World.cpp(286,48): warning C4267: '=': conversion from 'size_t' to 'int', possible loss of data
  GAME3015-Assignment1.vcxproj -> H:\GAME3015\GAME3015_A2_Shah_Milman\GAME3015-Assignment1\x64\Debug\GAME3015-Assignment1.exe
