h:\game3015\game3015_a2_shah_milman\game3015-assignment1\game3015-assignment1\x64\debug\vc142.pdb
h:\game3015\game3015_a2_shah_milman\game3015-assignment1\game3015-assignment1\x64\debug\vc142.idb
h:\game3015\game3015_a2_shah_milman\game3015-assignment1\game3015-assignment1\x64\debug\waves.obj
h:\game3015\game3015_a2_shah_milman\game3015-assignment1\game3015-assignment1\x64\debug\scenenode.obj
h:\game3015\game3015_a2_shah_milman\game3015-assignment1\game3015-assignment1\x64\debug\player.obj
h:\game3015\game3015_a2_shah_milman\game3015-assignment1\game3015-assignment1\x64\debug\game.obj
h:\game3015\game3015_a2_shah_milman\game3015-assignment1\game3015-assignment1\x64\debug\frameresource.obj
h:\game3015\game3015_a2_shah_milman\game3015-assignment1\game3015-assignment1\x64\debug\entity.obj
h:\game3015\game3015_a2_shah_milman\game3015-assignment1\game3015-assignment1\x64\debug\commandque.obj
h:\game3015\game3015_a2_shah_milman\game3015-assignment1\game3015-assignment1\x64\debug\command.obj
h:\game3015\game3015_a2_shah_milman\game3015-assignment1\game3015-assignment1\x64\debug\aircraft.obj
h:\game3015\game3015_a2_shah_milman\game3015-assignment1\game3015-assignment1\x64\debug\mathhelper.obj
h:\game3015\game3015_a2_shah_milman\game3015-assignment1\game3015-assignment1\x64\debug\geometrygenerator.obj
h:\game3015\game3015_a2_shah_milman\game3015-assignment1\game3015-assignment1\x64\debug\gametimer.obj
h:\game3015\game3015_a2_shah_milman\game3015-assignment1\game3015-assignment1\x64\debug\ddstextureloader.obj
h:\game3015\game3015_a2_shah_milman\game3015-assignment1\game3015-assignment1\x64\debug\d3dutil.obj
h:\game3015\game3015_a2_shah_milman\game3015-assignment1\game3015-assignment1\x64\debug\d3dapp.obj
h:\game3015\game3015_a2_shah_milman\game3015-assignment1\game3015-assignment1\x64\debug\camera.obj
h:\game3015\game3015_a2_shah_milman\game3015-assignment1\game3015-assignment1\x64\debug\world.obj
h:\game3015\game3015_a2_shah_milman\game3015-assignment1\x64\debug\game3015-assignment1.ilk
h:\game3015\game3015_a2_shah_milman\game3015-assignment1\x64\debug\game3015-assignment1.exe
h:\game3015\game3015_a2_shah_milman\game3015-assignment1\x64\debug\game3015-assignment1.pdb
h:\game3015\game3015_a2_shah_milman\game3015-assignment1\game3015-assignment1\x64\debug\game3015.7bf8e750.tlog\cl.command.1.tlog
h:\game3015\game3015_a2_shah_milman\game3015-assignment1\game3015-assignment1\x64\debug\game3015.7bf8e750.tlog\cl.read.1.tlog
h:\game3015\game3015_a2_shah_milman\game3015-assignment1\game3015-assignment1\x64\debug\game3015.7bf8e750.tlog\cl.write.1.tlog
h:\game3015\game3015_a2_shah_milman\game3015-assignment1\game3015-assignment1\x64\debug\game3015.7bf8e750.tlog\link.command.1.tlog
h:\game3015\game3015_a2_shah_milman\game3015-assignment1\game3015-assignment1\x64\debug\game3015.7bf8e750.tlog\link.read.1.tlog
h:\game3015\game3015_a2_shah_milman\game3015-assignment1\game3015-assignment1\x64\debug\game3015.7bf8e750.tlog\link.write.1.tlog
